This is pdfTeX, Version 3.14159265-2.6-1.40.18 (MiKTeX 2.9.6350 64-bit) (preloaded format=pdflatex 2017.7.25)  5 OCT 2017 22:27
entering extended mode
**./frontespizio.tex
(frontespizio.tex
LaTeX2e <2017-04-15>
Babel <3.10> and hyphenation patterns for 75 language(s) loaded.

! LaTeX Error: Missing \begin{document}.

See the LaTeX manual or LaTeX Companion for explanation.
Type  H <return>  for immediate help.
 ...                                              
                                                  
l.4 \begin{center}
                  
You're in trouble here.  Try typing  <return>  to proceed.
If that doesn't work, type  X <return>  to quit.


Overfull \hbox (20.0pt too wide) in paragraph at lines 4--4
[] 
 []

! Undefined control sequence.
l.5   \large
            
The control sequence at the end of the top line
of your error message was never \def'ed. If you have
misspelled it (e.g., `\hobx'), type `I' and the correct
spelling (e.g., `I\hbox'). Otherwise just continue,
and I'll forget about whatever was undefined.


Overfull \hbox (81.94398pt too wide) in paragraph at lines 6--6
 \OT1/cmr/bx/n/10 POLITECNICO 
 []


Overfull \hbox (13.18048pt too wide) in paragraph at lines 6--6
 \OT1/cmr/bx/n/10 DI 
 []


Overfull \hbox (19.11101pt too wide) in paragraph at lines 6--6
 \OT1/cmr/bx/n/10 MI- 
 []


Overfull \hbox (33.24982pt too wide) in paragraph at lines 6--6
 \OT1/cmr/bx/n/10 LANO 
 []


! LaTeX Error: The font size command \normalsize is not defined:
               there is probably something wrong with the class file.

See the LaTeX manual or LaTeX Companion for explanation.
Type  H <return>  for immediate help.
 ...                                              
                                                  
l.7   \normalsize
                 
Your command was ignored.
Type  I <command> <return>  to replace it with another command,
or  <return>  to continue without it.


Overfull \hbox (35.52202pt too wide) in paragraph at lines 8--8
 []\OT1/cmr/bx/n/10 Master 
 []


Overfull \hbox (9.26384pt too wide) in paragraph at lines 8--8
 \OT1/cmr/bx/n/10 of 
 []


Overfull \hbox (18.52768pt too wide) in paragraph at lines 8--8
 \OT1/cmr/bx/n/10 Sci- 
 []


Overfull \hbox (22.04156pt too wide) in paragraph at lines 8--8
 \OT1/cmr/bx/n/10 ence 
 []


Overfull \hbox (22.18045pt too wide) in paragraph at lines 8--8
 \OT1/cmr/bx/n/10 Pro- 
 []


Overfull \hbox (25.65958pt too wide) in paragraph at lines 8--8
 \OT1/cmr/bx/n/10 gram 
 []


Overfull \hbox (9.58328pt too wide) in paragraph at lines 8--8
 \OT1/cmr/bx/n/10 in 
 []


Overfull \hbox (24.96515pt too wide) in paragraph at lines 8--8
 \OT1/cmr/bx/n/10 Elec- 
 []


Overfull \hbox (25.18044pt too wide) in paragraph at lines 8--8
 \OT1/cmr/bx/n/10 tron- 
 []


Overfull \hbox (12.84158pt too wide) in paragraph at lines 8--8
 \OT1/cmr/bx/n/10 ics 
 []


Overfull \hbox (17.77768pt too wide) in paragraph at lines 8--8
 \OT1/cmr/bx/n/10 En- 
 []


Overfull \hbox (12.77771pt too wide) in paragraph at lines 8--8
 \OT1/cmr/bx/n/10 gi- 
 []


Overfull \hbox (25.4999pt too wide) in paragraph at lines 8--8
 \OT1/cmr/bx/n/10 neer- 
 []


Overfull \hbox (15.33325pt too wide) in paragraph at lines 8--8
 \OT1/cmr/bx/n/10 ing 
 []


Overfull \hbox (67.5413pt too wide) in paragraph at lines 9--9
 []\OT1/cmr/bx/n/10 Dipartimento 
 []


Overfull \hbox (9.58328pt too wide) in paragraph at lines 9--9
 \OT1/cmr/bx/n/10 di 
 []


Overfull \hbox (24.32626pt too wide) in paragraph at lines 9--9
 \OT1/cmr/bx/n/10 Elet- 
 []


Overfull \hbox (25.18044pt too wide) in paragraph at lines 9--9
 \OT1/cmr/bx/n/10 tron- 
 []


Overfull \hbox (13.89574pt too wide) in paragraph at lines 9--9
 \OT1/cmr/bx/n/10 ica 
 []


Overfull \hbox (5.27081pt too wide) in paragraph at lines 9--9
 \OT1/cmr/bx/n/10 e 
 []


Overfull \hbox (14.58325pt too wide) in paragraph at lines 9--9
 \OT1/cmr/bx/n/10 In- 
 []


Overfull \hbox (17.83325pt too wide) in paragraph at lines 9--9
 \OT1/cmr/bx/n/10 for- 
 []


Overfull \hbox (40.88866pt too wide) in paragraph at lines 9--9
 \OT1/cmr/bx/n/10 mazione 
 []


! LaTeX Error: Environment figure undefined.

See the LaTeX manual or LaTeX Companion for explanation.
Type  H <return>  for immediate help.
 ...                                              
                                                  
l.10   \begin{figure}
                     [htbp]
Your command was ignored.
Type  I <command> <return>  to replace it with another command,
or  <return>  to continue without it.


Overfull \hbox (29.70818pt too wide) in paragraph at lines 10--11
 []\OT1/cmr/bx/n/10 [htbp] 
 []

! Undefined control sequence.
l.12       \includegraphics
                           [width=3.5cm]{./pictures/logopm}
The control sequence at the end of the top line
of your error message was never \def'ed. If you have
misspelled it (e.g., `\hobx'), type `I' and the correct
spelling (e.g., `I\hbox'). Otherwise just continue,
and I'll forget about whatever was undefined.


Overfull \hbox (164.68108pt too wide) in paragraph at lines 12--14
 \OT1/cmr/bx/n/10 [width=3.5cm]./pictures/logopm 
 []


! LaTeX Error: \begin{center} on input line 4 ended by \end{figure}.

See the LaTeX manual or LaTeX Companion for explanation.
Type  H <return>  for immediate help.
 ...                                              
                                                  
l.15   \end{figure}
                   
Your command was ignored.
Type  I <command> <return>  to replace it with another command,
or  <return>  to continue without it.

! Undefined control sequence.
l.16   \vspace*{0.3cm} \LARGE
                             
The control sequence at the end of the top line
of your error message was never \def'ed. If you have
misspelled it (e.g., `\hobx'), type `I' and the correct
spelling (e.g., `I\hbox'). Otherwise just continue,
and I'll forget about whatever was undefined.


Overfull \hbox (109.8605pt too wide) in paragraph at lines 20--20
 []\OT1/cmr/bx/n/10 IMPLEMENTATION 
 []


Overfull \hbox (15.87491pt too wide) in paragraph at lines 20--20
 \OT1/cmr/bx/n/10 OF 
 []


Overfull \hbox (29.61095pt too wide) in paragraph at lines 20--20
 \OT1/cmr/bx/n/10 CUR- 
 []


Overfull \hbox (33.18037pt too wide) in paragraph at lines 20--20
 \OT1/cmr/bx/n/10 RENT 
 []


Overfull \hbox (29.77762pt too wide) in paragraph at lines 20--20
 \OT1/cmr/bx/n/10 CON- 
 []


Overfull \hbox (31.86093pt too wide) in paragraph at lines 20--20
 \OT1/cmr/bx/n/10 TROL 
 []


Overfull \hbox (19.44434pt too wide) in paragraph at lines 20--20
 \OT1/cmr/bx/n/10 AL- 
 []


Overfull \hbox (21.51376pt too wide) in paragraph at lines 20--20
 \OT1/cmr/bx/n/10 GO- 
 []


Overfull \hbox (47.29141pt too wide) in paragraph at lines 20--20
 \OT1/cmr/bx/n/10 RITHMS 
 []


Overfull \hbox (13.36104pt too wide) in paragraph at lines 20--20
 \OT1/cmr/bx/n/10 IN 
 []


Overfull \hbox (17.69435pt too wide) in paragraph at lines 20--20
 \OT1/cmr/bx/n/10 AN 
 []


Overfull \hbox (34.16647pt too wide) in paragraph at lines 20--20
 \OT1/cmr/bx/n/10 ELEC- 
 []


Overfull \hbox (46.61086pt too wide) in paragraph at lines 20--20
 \OT1/cmr/bx/n/10 TRONIC 
 []


Overfull \hbox (38.18034pt too wide) in paragraph at lines 20--20
 \OT1/cmr/bx/n/10 SPEED 
 []


Overfull \hbox (42.63866pt too wide) in paragraph at lines 20--20
 \OT1/cmr/bx/n/10 BOARD 
 []


Overfull \hbox (24.18042pt too wide) in paragraph at lines 20--20
 \OT1/cmr/bx/n/10 FOR 
 []


Overfull \hbox (27.87485pt too wide) in paragraph at lines 20--20
 \OT1/cmr/bx/n/10 PER- 
 []


Overfull \hbox (23.44432pt too wide) in paragraph at lines 20--20
 \OT1/cmr/bx/n/10 MA- 
 []


Overfull \hbox (33.55537pt too wide) in paragraph at lines 20--20
 \OT1/cmr/bx/n/10 NENT 
 []


Overfull \hbox (32.16649pt too wide) in paragraph at lines 20--20
 \OT1/cmr/bx/n/10 MAG- 
 []


Overfull \hbox (24.55542pt too wide) in paragraph at lines 20--20
 \OT1/cmr/bx/n/10 NET 
 []


Overfull \hbox (19.44434pt too wide) in paragraph at lines 20--20
 \OT1/cmr/bx/n/10 AL- 
 []


Overfull \hbox (28.01373pt too wide) in paragraph at lines 20--20
 \OT1/cmr/bx/n/10 TER- 
 []


Overfull \hbox (28.56929pt too wide) in paragraph at lines 20--20
 \OT1/cmr/bx/n/10 NAT- 
 []


Overfull \hbox (22.40265pt too wide) in paragraph at lines 20--20
 \OT1/cmr/bx/n/10 ING 
 []


Overfull \hbox (29.61095pt too wide) in paragraph at lines 20--20
 \OT1/cmr/bx/n/10 CUR- 
 []


Overfull \hbox (33.18037pt too wide) in paragraph at lines 20--20
 \OT1/cmr/bx/n/10 RENT 
 []


Overfull \hbox (23.38876pt too wide) in paragraph at lines 20--20
 \OT1/cmr/bx/n/10 MO- 
 []


Overfull \hbox (31.6526pt too wide) in paragraph at lines 20--20
 \OT1/cmr/bx/n/10 TORS 
 []

! Undefined control sequence.
l.24   \vspace*{.75truecm} \large
                                 
The control sequence at the end of the top line
of your error message was never \def'ed. If you have
misspelled it (e.g., `\hobx'), type `I' and the correct
spelling (e.g., `I\hbox'). Otherwise just continue,
and I'll forget about whatever was undefined.


Overfull \hbox (13.05548pt too wide) in paragraph at lines 25--25
 []\OT1/cmr/bx/n/10 AI 
 []


Overfull \hbox (8.9444pt too wide) in paragraph at lines 25--25
 \OT1/cmr/bx/n/10 & 
 []


Overfull \hbox (8.62495pt too wide) in paragraph at lines 25--25
 \OT1/cmr/bx/n/10 R 
 []


Overfull \hbox (18.8957pt too wide) in paragraph at lines 25--25
 \OT1/cmr/bx/n/10 Lab 
 []


Overfull \hbox (59.1941pt too wide) in paragraph at lines 26--26
 []\OT1/cmr/bx/n/10 Laboratorio 
 []


Overfull \hbox (9.58328pt too wide) in paragraph at lines 26--26
 \OT1/cmr/bx/n/10 di 
 []


Overfull \hbox (14.58325pt too wide) in paragraph at lines 26--26
 \OT1/cmr/bx/n/10 In- 
 []


Overfull \hbox (16.77075pt too wide) in paragraph at lines 26--26
 \OT1/cmr/bx/n/10 tel- 
 []


Overfull \hbox (10.22217pt too wide) in paragraph at lines 26--26
 \OT1/cmr/bx/n/10 li- 
 []


Overfull \hbox (28.11095pt too wide) in paragraph at lines 26--26
 \OT1/cmr/bx/n/10 genza 
 []


Overfull \hbox (17.26381pt too wide) in paragraph at lines 26--26
 \OT1/cmr/bx/n/10 Ar- 
 []


Overfull \hbox (11.49994pt too wide) in paragraph at lines 26--26
 \OT1/cmr/bx/n/10 ti- 
 []


Overfull \hbox (10.22217pt too wide) in paragraph at lines 26--26
 \OT1/cmr/bx/n/10 fi- 
 []


Overfull \hbox (22.36098pt too wide) in paragraph at lines 26--26
 \OT1/cmr/bx/n/10 ciale 
 []


Overfull \hbox (5.27081pt too wide) in paragraph at lines 27--28
 []\OT1/cmr/bx/n/10 e 
 []


Overfull \hbox (35.1387pt too wide) in paragraph at lines 27--28
 \OT1/cmr/bx/n/10 Robot- 
 []


Overfull \hbox (13.89574pt too wide) in paragraph at lines 27--28
 \OT1/cmr/bx/n/10 ica 
 []


Overfull \hbox (14.8541pt too wide) in paragraph at lines 27--28
 \OT1/cmr/bx/n/10 del 
 []


Overfull \hbox (17.12491pt too wide) in paragraph at lines 27--28
 \OT1/cmr/bx/n/10 Po- 
 []


Overfull \hbox (25.07626pt too wide) in paragraph at lines 27--28
 \OT1/cmr/bx/n/10 litec- 
 []


Overfull \hbox (20.44434pt too wide) in paragraph at lines 27--28
 \OT1/cmr/bx/n/10 nico 
 []


Overfull \hbox (9.58328pt too wide) in paragraph at lines 27--28
 \OT1/cmr/bx/n/10 di 
 []


Overfull \hbox (17.94435pt too wide) in paragraph at lines 27--28
 \OT1/cmr/bx/n/10 Mi- 
 []


Overfull \hbox (20.92348pt too wide) in paragraph at lines 27--28
 \OT1/cmr/bx/n/10 lano 
 []

! Undefined control sequence.
l.29 \vspace*{3.0cm} \large
                           
The control sequence at the end of the top line
of your error message was never \def'ed. If you have
misspelled it (e.g., `\hobx'), type `I' and the correct
spelling (e.g., `I\hbox'). Otherwise just continue,
and I'll forget about whatever was undefined.


Overfull \hbox (56.97333pt too wide) in paragraph at lines 33--33
\OT1/cmr/bx/n/10 Supervisor: 
 []


Overfull \hbox (25.05544pt too wide) in paragraph at lines 33--33
\OT1/cmr/bx/n/10 Prof. 
 []


Overfull \hbox (16.06935pt too wide) in paragraph at lines 33--33
\OT1/cmr/bx/n/10 Gi- 
 []


Overfull \hbox (35.13866pt too wide) in paragraph at lines 33--33
\OT1/cmr/bx/n/10 ambat- 
 []


Overfull \hbox (22.26512pt too wide) in paragraph at lines 33--33
\OT1/cmr/bx/n/10 tista 
 []


Overfull \hbox (23.99988pt too wide) in paragraph at lines 33--33
\OT1/cmr/bx/n/10 Gru- 
 []


Overfull \hbox (20.57208pt too wide) in paragraph at lines 33--33
\OT1/cmr/bx/n/10 osso  
 []


! LaTeX Error: The font size command \normalsize is not defined:
               there is probably something wrong with the class file.

See the LaTeX manual or LaTeX Companion for explanation.
Type  H <return>  for immediate help.
 ...                                              
                                                  
l.34   C
        o-supervisor: Prof. Luca Bascetta
Your command was ignored.
Type  I <command> <return>  to replace it with another command,
or  <return>  to continue without it.

[1{C:/Users/Arturo/AppData/Local/MiKTeX/2.9/pdftex/config/pdftex.map}]
Overfull \hbox (17.8888pt too wide) in paragraph at lines 34--35
[]\OT1/cmr/bx/n/10 Co- 
 []


Overfull \hbox (55.12054pt too wide) in paragraph at lines 34--35
\OT1/cmr/bx/n/10 supervisor: 
 []


Overfull \hbox (25.05544pt too wide) in paragraph at lines 34--35
\OT1/cmr/bx/n/10 Prof. 
 []


Overfull \hbox (24.00679pt too wide) in paragraph at lines 34--35
\OT1/cmr/bx/n/10 Luca 
 []


Overfull \hbox (43.22333pt too wide) in paragraph at lines 34--35
\OT1/cmr/bx/n/10 Bascetta  
 []


Overfull \hbox (31.9262pt too wide) in paragraph at lines 41--41
 \OT1/cmr/bx/n/10 Thesis
 []


Overfull \hbox (21.1471pt too wide) in paragraph at lines 41--41
 \OT1/cmr/bx/n/10 sub-
 []


Overfull \hbox (21.08322pt too wide) in paragraph at lines 41--41
 \OT1/cmr/bx/n/10 mit-
 []


Overfull \hbox (16.13187pt too wide) in paragraph at lines 41--41
 \OT1/cmr/bx/n/10 ted
 []


Overfull \hbox (15.33325pt too wide) in paragraph at lines 41--41
 \OT1/cmr/bx/n/10 by:
 []

Missing character: There is no Ã in font cmbx10!
Missing character: There is no º in font cmbx10!

Overfull \hbox (34.77762pt too wide) in paragraph at lines 41--41
 []\OT1/cmr/bx/n/10 Arturo
 []


Overfull \hbox (31.0415pt too wide) in paragraph at lines 41--41
 \OT1/cmr/bx/n/10 Mont-
 []


Overfull \hbox (13.8402pt too wide) in paragraph at lines 41--41
 \OT1/cmr/bx/n/10 far
 []


Overfull \hbox (41.16646pt too wide) in paragraph at lines 41--41
 \OT1/cmr/bx/n/10 Arreola,
 []


Overfull \hbox (13.18048pt too wide) in paragraph at lines 41--41
 \OT1/cmr/bx/n/10 ID
 []


Overfull \hbox (34.49982pt too wide) in paragraph at lines 41--41
 \OT1/cmr/bx/n/10 840541
 []


Overfull \hbox (48.94417pt too wide) in paragraph at lines 50--51
 \OT1/cmr/bx/n/10 Academic 
 []


Overfull \hbox (23.3332pt too wide) in paragraph at lines 50--51
 \OT1/cmr/bx/n/10 Year 
 []


Overfull \hbox (26.83319pt too wide) in paragraph at lines 50--51
 \OT1/cmr/bx/n/10 2017- 
 []


Overfull \hbox (22.99988pt too wide) in paragraph at lines 50--51
 \OT1/cmr/bx/n/10 2018 
 []


! LaTeX Error: The font size command \normalsize is not defined:
               there is probably something wrong with the class file.

See the LaTeX manual or LaTeX Companion for explanation.
Type  H <return>  for immediate help.
 ...                                              
                                                  
l.51 \end{center} \clearpage
                            
Your command was ignored.
Type  I <command> <return>  to replace it with another command,
or  <return>  to continue without it.

[2])
! Emergency stop.
<*> ./frontespizio.tex
                      
*** (job aborted, no legal \end found)

 
Here is how much of TeX's memory you used:
 13 strings out of 493323
 178 string characters out of 3139063
 56648 words of memory out of 3000000
 3649 multiletter control sequences out of 15000+200000
 3948 words of font info for 15 fonts, out of 3000000 for 9000
 1141 hyphenation exceptions out of 8191
 19i,5n,14p,171b,154s stack positions out of 5000i,500n,10000p,200000b,50000s
!  ==> Fatal error occurred, no output PDF file produced!
